1
 
 
 
 
                                                             
                 Copyright 2020 Siemens Product Lifecycle    
                        Management Software Inc.             
                         All Rights Reserved.                
                                                             
               This software and related documentation are   
                 proprietary to Siemens Product Lifecycle    
                        Management Software Inc.             
                                                             
              Siemens and the Siemens logo are registered    
           trademarks of Siemens AG. Simcenter is a trademark
              or registered trademark of Siemens Product     
               Lifecycle Management Software Inc. or its     
             subsidiaries in the United States and in other  
             countries.  NASTRAN is a registered trademark   
                 of the National Aeronautics and Space       
                 Administration.  All other trademarks,      
              registered trademarks or service marks belong  
                      to their respective holders.           
                                                             
           LIMITATIONS TO U.S. GOVERNMENT RIGHTS. UNPUBLISHED
           - RIGHTS RESERVED UNDER THE COPYRIGHT LAWS OF THE 
            UNITED STATES. This computer software and related
               computer software documentation have been     
            developed exclusively at private expense and are 
           provided subject to the following rights:  If this
               computer software and computer  software      
            documentation qualify as "commercial items" (as  
             that term is defined in FAR 2.101), their use,  
            duplication or disclosure by the U.S. Government 
           is subject to the protections and restrictions as 
            set forth in the Siemens commercial license for  
            software and/or documentation, as prescribed in  
           FAR 12.212 and FAR 27.405(b)(2)(i) (for civilian  
             agencies) and in DFARS 227.7202-1(a) and DFARS  
           227.7202-3(a) (for the Department of Defense), or 
           any successor or similar regulation, as applicable
           or as amended from time to time.  If this computer
           software and computer documentation do not qualify
            as "commercial items", then they are "restricted 
           computer software" and are provided with "restric-
            tive rights", and their use, duplication or dis- 
            closure by the U.S. Government is subject to the 
            protections and restrictions as set forth in FAR 
           27.404(b) and FAR 52-227-14 (for civilian agencies
           ), and DFARS 227.7203-5(c) and DFARS 252.227-7014 
           (for the Department of Defense), or any successor 
           or similar regulation, as applicable or as amended
              from time to time.  Siemens PLM Software Inc.  
            5800 Granite Parkway, Suite 600, Plano, TX 75024 

                * * * * * * * * * * * * * * * * * * * *
                * * * * * * * * * * * * * * * * * * * *
                * *                                 * *
                * *                                 * *
                * *                                 * *
                * *                                 * *
                * *     Simcenter Nastran 2020.2    * *
                * *                                 * *
                * *       VERSION - 1926.0091       * *
                * *                                 * *
                * *          MAY 12, 2020           * *
                * *                                 * *
                * *                                 * *
                * *Intel64 Family 6 Model 158 Stepp * *
                * *                                 * *
                * *MODEL Intel(R) Core(TM) i5-7600K * *
                * *                                 * *
                * *           Windows 10            * *
                * *                                 * *
                * *       Compiled for X86-64       * *
                * *                                 * *
                * * * * * * * * * * * * * * * * * * * *
                * * * * * * * * * * * * * * * * * * * *
1 
  
                      Welcome to Simcenter Nastran
                      ----------------------------
  
  
 This "news" information can be turned off by setting "news=no" in the runtime
 configuration (RC) file.  The "news" keyword can be set in the system RC file
 for global, or multi-user control, and in a local file for local control.
 Individual jobs can be controlled by setting news to yes or no on the command
 line.
1                                                                            AUGUST   3, 2023  SIMCENTER NASTRAN  5/12/20   PAGE     1
                                                                                                                                    
0        N A S T R A N    F I L E    A N D    S Y S T E M    P A R A M E T E R    E C H O                                           
0                                                                                                                                   
                                                                                                                                    
                                                                                                                                    
     NASTRAN BUFFSIZE=32769 $(D:/SIMCENTER 3D/NXNASTRAN/CONF/NASTRAN.RCF[1])         
     NASTRAN BUFFPOOL=2896                                                           
     NASTRAN DIAGA=128 DIAGB=0 $(D:/SIMCENTER 3D/NXNASTRAN/CONF/NASTRAN.RCF[8])      
     NASTRAN SYSTEM(442)=2 $(COMMAND LINE[5])                                        
     NASTRAN REAL=1053425664 $(MEMORY LIMIT FOR MPI AND OTHER SPECIALIZED MODULES)   
     $*$$$$$$$$$$$$$$$$$$$$$$$$$$$$$$$$$$$$$$$$$$$$$$$$$$$$$$$$$$$$$$$$$             
     $*                                                                              
     $*                    SIMCENTER V1934.0.0.2202 TRANSLATOR                       
     $*                    FOR SIMCENTER NASTRAN VERSION 2020.2                      
     $*                                                                              
     $*             FEM FILE: C:\USERS\MARCD\DESKTOP\PI3\SIMULATIONS\LOMBAIRE\LOMBAIR
     $*             SIM FILE: C:\USERS\MARCD\DESKTOP\PI3\SIMULATIONS\LOMBAIRE\LOMBAIR
     $*        ANALYSIS TYPE: STRUCTURAL                                             
     $*        SOLUTION NAME: SOLUTION 1                                             
     $*        SOLUTION TYPE: SOL 106 NONLINEAR STATICS - GLOBAL CONSTRAINTS         
     $*                                                                              
     $*    SOLVER INPUT FILE: LOMBAIRE_SIM1-SOLUTION_1.DAT                           
     $*        CREATION DATE:  3-AUG-2023                                            
     $*        CREATION TIME: 23:02:45                                               
     $*             HOSTNAME: DESKTOP-NUD6E5R                                        
     $*      NASTRAN LICENSE: DESKTOP BUNDLE                                         
     $*                                                                              
     $*                UNITS: MM (MILLI-NEWTON)                                      
     $*                      ... LENGTH : MM                                         
     $*                      ... TIME   : SEC                                        
     $*                      ... MASS   : KILOGRAM (KG)                              
     $*                      ... TEMPERATURE : DEG CELSIUS                           
     $*                      ... FORCE  : MILLI-NEWTON                               
     $*                      ... THERMAL ENERGY : MN-MM (MICRO-JOULE)                
     $*                                                                              
     $* IMPORTANT NOTE:                                                              
     $*     THIS BANNER WAS GENERATED BY SIMCENTER AND ALTERING THIS                 
     $*     INFORMATION MAY COMPROMISE THE PRE AND POST PROCESSING OF RESULTS        
     $*                                                                              
     $*$$$$$$$$$$$$$$$$$$$$$$$$$$$$$$$$$$$$$$$$$$$$$$$$$$$$$$$$$$$$$$$$$             
     $*                                                                              
     $*$$$$$$$$$$$$$$$$$$$$$$$$$$$$$$$$$$$                                           
     $*                                                                              
     $* FILE MANAGEMENT                                                              
     $*                                                                              
     $*$$$$$$$$$$$$$$$$$$$$$$$$$$$$$$$$$$$                                           
     $*                                                                              
     $*                                                                              
     $*$$$$$$$$$$$$$$$$$$$$$$$$$$$$$$$$$$$                                           
     $*                                                                              
     $* EXECUTIVE CONTROL                                                            
     $*                                                                              
     $*$$$$$$$$$$$$$$$$$$$$$$$$$$$$$$$$$$$                                           
     $*                                                                              
1                                                                            AUGUST   3, 2023  SIMCENTER NASTRAN  5/12/20   PAGE     2
                                                                                                                                    
0        N A S T R A N    E X E C U T I V E    C O N T R O L    E C H O                                                             
0                                                                                                                                   
                                                                                                                                    
                                                                                                                                    
     ID,NASTRAN,LOMBAIRE_SIM1-SOLUTION_1                                                     
     SOL 106                                                                                 
     CEND                                                                                    
1                                                                            AUGUST   3, 2023  SIMCENTER NASTRAN  5/12/20   PAGE     3
                                                                                                                                    
0                                                                                                                                   
0                                        C A S E    C O N T R O L    E C H O                                                        
                 COMMAND                                                                                                            
                 COUNT                                                                                                              
                  1      $*                                                                                      
                  2      $*$$$$$$$$$$$$$$$$$$$$$$$$$$$$$$$$$$$                                                   
                  3      $*                                                                                      
                  4      $* CASE CONTROL                                                                         
                  5      $*                                                                                      
                  6      $*$$$$$$$$$$$$$$$$$$$$$$$$$$$$$$$$$$$                                                   
                  7      $*                                                                                      
                  8      ECHO = NONE                                                                             
                  9      SPC = 1                                                                                 
                 10      NLPARM = 100                                                                            
                 11      OUTPUT                                                                                  
                 12      DISPLACEMENT(PLOT,REAL) = ALL                                                           
                 13      SPCFORCES(PLOT,REAL) = ALL                                                              
                 14      STRESS(PLOT,REAL,VONMISES,CENTER) = ALL                                                 
                 15      $*  STEP: SUBCASE - NL STATIC LOADS 1                                                   
                 16      SUBCASE 1                                                                               
                 17        LABEL = SUBCASE - NL STATIC LOADS 1                                                   
                 18        LOAD = 2                                                                              
                 19      $*                                                                                      
                 20      $*$$$$$$$$$$$$$$$$$$$$$$$$$$$$$$$$$$$                                                   
                 21      $*                                                                                      
                 22      $* BULK DATA                                                                            
                 23      $*                                                                                      
                 24      $*$$$$$$$$$$$$$$$$$$$$$$$$$$$$$$$$$$$                                                   
                 25      $*                                                                                      
                 26      BEGIN BULK                                                                              
0                             INPUT BULK DATA ENTRY COUNT =       17800
0                       TOTAL COUNT=     17744


                                        M O D E L   S U M M A R Y

                                   NUMBER OF GRID     POINTS   =     5900
 
 
                                   NUMBER OF CBEAM    ELEMENTS =     5890
                                   NUMBER OF CONM2    ELEMENTS =        5
 
                                   NUMBER OF RBE2     ELEMENTS =        5
 *** USER INFORMATION MESSAGE 4109 (OUTPBN2)
     THE LABEL IS NX2020.2 FOR FORTRAN UNIT 12
     (MAXIMUM SIZE OF FORTRAN RECORDS WRITTEN =        7 WORDS.)
     (NUMBER OF FORTRAN RECORDS WRITTEN =        8 RECORDS.)
     (TOTAL DATA WRITTEN FOR TAPE LABEL =       17 WORDS.)
1                                                                            AUGUST   3, 2023  SIMCENTER NASTRAN  5/12/20   PAGE     4
                                                                                                                                    
0                                                                                                                                   
0                                                                                                                                   
                                                                                                                                    
                                                                                                                                    
 *** USER INFORMATION MESSAGE 4114 (OUTPBN2)
     DATA BLOCK IBULK    WRITTEN ON FORTRAN UNIT  12, TRL =
                    101                 1                 0                 0                 0                 0                 0
     (MAXIMUM POSSIBLE FORTRAN RECORD SIZE =    65538 WORDS.)
     (MAXIMUM SIZE OF FORTRAN RECORDS WRITTEN =       20 WORDS.)
     (NUMBER OF FORTRAN RECORDS WRITTEN =    89009 RECORDS.)
     (TOTAL DATA WRITTEN FOR DATA BLOCK =   427199 WORDS.)
 *** USER INFORMATION MESSAGE 4114 (OUTPBN2)
     DATA BLOCK ICASE    WRITTEN ON FORTRAN UNIT  12, TRL =
                    102                28                 0                 0                 0                 0                 0
     (MAXIMUM POSSIBLE FORTRAN RECORD SIZE =    65538 WORDS.)
     (MAXIMUM SIZE OF FORTRAN RECORDS WRITTEN =       20 WORDS.)
     (NUMBER OF FORTRAN RECORDS WRITTEN =      154 RECORDS.)
     (TOTAL DATA WRITTEN FOR DATA BLOCK =      698 WORDS.)
 *** USER INFORMATION MESSAGE 4114 (OUTPBN2)
     DATA BLOCK CASECC   WRITTEN ON FORTRAN UNIT  12, TRL =
                    103                 1                 0              1200                 0                 0                 0
     (MAXIMUM POSSIBLE FORTRAN RECORD SIZE =    65538 WORDS.)
     (MAXIMUM SIZE OF FORTRAN RECORDS WRITTEN =     1200 WORDS.)
     (NUMBER OF FORTRAN RECORDS WRITTEN =       19 RECORDS.)
     (TOTAL DATA WRITTEN FOR DATA BLOCK =     1226 WORDS.)
 *** USER INFORMATION MESSAGE 4114 (OUTPBN2)
     DATA BLOCK PVT0     WRITTEN ON FORTRAN UNIT  12, TRL =
                    101                32                 0                 0                 0                 0                 0
     (MAXIMUM POSSIBLE FORTRAN RECORD SIZE =    65538 WORDS.)
     (MAXIMUM SIZE OF FORTRAN RECORDS WRITTEN =       32 WORDS.)
     (NUMBER OF FORTRAN RECORDS WRITTEN =       19 RECORDS.)
     (TOTAL DATA WRITTEN FOR DATA BLOCK =       58 WORDS.)
 *** USER INFORMATION MESSAGE 4114 (OUTPBN2)
     DATA BLOCK GPL      WRITTEN ON FORTRAN UNIT  12, TRL =
                    101              5900              5900                 0                 0                 0                 0
     (MAXIMUM POSSIBLE FORTRAN RECORD SIZE =    65538 WORDS.)
     (MAXIMUM SIZE OF FORTRAN RECORDS WRITTEN =    11800 WORDS.)
     (NUMBER OF FORTRAN RECORDS WRITTEN =       24 RECORDS.)
     (TOTAL DATA WRITTEN FOR DATA BLOCK =    17731 WORDS.)
 *** USER INFORMATION MESSAGE 4114 (OUTPBN2)
     DATA BLOCK GPDT     WRITTEN ON FORTRAN UNIT  12, TRL =
                    102              5900                 7                 0                 1                 0                 0
     (MAXIMUM POSSIBLE FORTRAN RECORD SIZE =    65538 WORDS.)
     (MAXIMUM SIZE OF FORTRAN RECORDS WRITTEN =    59000 WORDS.)
     (NUMBER OF FORTRAN RECORDS WRITTEN =       19 RECORDS.)
     (TOTAL DATA WRITTEN FOR DATA BLOCK =    59026 WORDS.)
 *** USER INFORMATION MESSAGE 4114 (OUTPBN2)
     DATA BLOCK EPT      WRITTEN ON FORTRAN UNIT  12, TRL =
                    101                 0                 0                 0              1024                 0                 0
     (MAXIMUM POSSIBLE FORTRAN RECORD SIZE =    65538 WORDS.)
     (MAXIMUM SIZE OF FORTRAN RECORDS WRITTEN =      988 WORDS.)
     (NUMBER OF FORTRAN RECORDS WRITTEN =       24 RECORDS.)
     (TOTAL DATA WRITTEN FOR DATA BLOCK =     1021 WORDS.)
1                                                                            AUGUST   3, 2023  SIMCENTER NASTRAN  5/12/20   PAGE     5
                                                                                                                                    
0                                                                                                                                   
0                                                                                                                                   
                                                                                                                                    
                                                                                                                                    
 *** USER INFORMATION MESSAGE 4114 (OUTPBN2)
     DATA BLOCK MPT      WRITTEN ON FORTRAN UNIT  12, TRL =
                    101             32768                 4                 0                 0                 0                 0
     (MAXIMUM POSSIBLE FORTRAN RECORD SIZE =    65538 WORDS.)
     (MAXIMUM SIZE OF FORTRAN RECORDS WRITTEN =       22 WORDS.)
     (NUMBER OF FORTRAN RECORDS WRITTEN =       29 RECORDS.)
     (TOTAL DATA WRITTEN FOR DATA BLOCK =       74 WORDS.)
 *** USER INFORMATION MESSAGE 4114 (OUTPBN2)
     DATA BLOCK GEOM2    WRITTEN ON FORTRAN UNIT  12, TRL =
                    101                 2                 0                 0              1024                 0                 0
     (MAXIMUM POSSIBLE FORTRAN RECORD SIZE =    65538 WORDS.)
     (MAXIMUM SIZE OF FORTRAN RECORDS WRITTEN =    65538 WORDS.)
     (NUMBER OF FORTRAN RECORDS WRITTEN =       31 RECORDS.)
     (TOTAL DATA WRITTEN FOR DATA BLOCK =   106128 WORDS.)
 *** USER INFORMATION MESSAGE 4114 (OUTPBN2)
     DATA BLOCK GEOM3    WRITTEN ON FORTRAN UNIT  12, TRL =
                    102                 0                 0                64                 0                 0                 0
     (MAXIMUM POSSIBLE FORTRAN RECORD SIZE =    65538 WORDS.)
     (MAXIMUM SIZE OF FORTRAN RECORDS WRITTEN =       10 WORDS.)
     (NUMBER OF FORTRAN RECORDS WRITTEN =       24 RECORDS.)
     (TOTAL DATA WRITTEN FOR DATA BLOCK =       43 WORDS.)
 *** USER INFORMATION MESSAGE 4114 (OUTPBN2)
     DATA BLOCK GEOM4    WRITTEN ON FORTRAN UNIT  12, TRL =
                    103                 0                 0                 0               512              2048                 0
     (MAXIMUM POSSIBLE FORTRAN RECORD SIZE =    65538 WORDS.)
     (MAXIMUM SIZE OF FORTRAN RECORDS WRITTEN =       37 WORDS.)
     (NUMBER OF FORTRAN RECORDS WRITTEN =       29 RECORDS.)
     (TOTAL DATA WRITTEN FOR DATA BLOCK =       81 WORDS.)
 *** USER INFORMATION MESSAGE 4114 (OUTPBN2)
     DATA BLOCK GEOM1    WRITTEN ON FORTRAN UNIT  12, TRL =
                    104                 0                 0                 8                 0                 0                 0
     (MAXIMUM POSSIBLE FORTRAN RECORD SIZE =    65538 WORDS.)
     (MAXIMUM SIZE OF FORTRAN RECORDS WRITTEN =    64903 WORDS.)
     (NUMBER OF FORTRAN RECORDS WRITTEN =       24 RECORDS.)
     (TOTAL DATA WRITTEN FOR DATA BLOCK =    64936 WORDS.)
 *** USER INFORMATION MESSAGE 4114 (OUTPBN2)
     DATA BLOCK BGPDT    WRITTEN ON FORTRAN UNIT  12, TRL =
                    105              5900                 0             35400                 1                 0              5900
     (MAXIMUM POSSIBLE FORTRAN RECORD SIZE =    65538 WORDS.)
     (MAXIMUM SIZE OF FORTRAN RECORDS WRITTEN =    65538 WORDS.)
     (NUMBER OF FORTRAN RECORDS WRITTEN =       26 RECORDS.)
     (TOTAL DATA WRITTEN FOR DATA BLOCK =    82630 WORDS.)
 *** USER INFORMATION MESSAGE 4114 (OUTPBN2)
     DATA BLOCK EQEXIN   WRITTEN ON FORTRAN UNIT  12, TRL =
                    101              5900                 0                 0                 0                 0                 0
     (MAXIMUM POSSIBLE FORTRAN RECORD SIZE =    65538 WORDS.)
     (MAXIMUM SIZE OF FORTRAN RECORDS WRITTEN =    11800 WORDS.)
     (NUMBER OF FORTRAN RECORDS WRITTEN =       24 RECORDS.)
     (TOTAL DATA WRITTEN FOR DATA BLOCK =    23630 WORDS.)
 *** SYSTEM INFORMATION MESSAGE 6916 (DFMSYN)
     DECOMP ORDERING METHOD CHOSEN: DEFAULT, ORDERING METHOD USED: MMD
1                                                                            AUGUST   3, 2023  SIMCENTER NASTRAN  5/12/20   PAGE     6
                                                                                                                                    
0                                                                                                                                   
 *** USER INFORMATION MESSAGE 7310 (VECPRN)
     ORIGIN OF SUPERELEMENT BASIC COORDINATE SYSTEM WILL BE USED AS REFERENCE LOCATION.
     RESULTANTS ABOUT ORIGIN OF SUPERELEMENT BASIC COORDINATE SYSTEM IN SUPERELEMENT BASIC SYSTEM COORDINATES.
0                                                  OLOAD    RESULTANT       
  SUBCASE/    LOAD
  DAREA ID    TYPE       T1            T2            T3            R1            R2            R3
0        1     FX    0.000000E+00     ----          ----          ----       0.000000E+00  0.000000E+00                             
               FY       ----       0.000000E+00     ----       0.000000E+00     ----       0.000000E+00                             
               FZ       ----          ----      -4.000000E+05  0.000000E+00  2.024000E+06     ----                                  
               MX       ----          ----          ----       0.000000E+00     ----          ----                                  
               MY       ----          ----          ----          ----       0.000000E+00     ----                                  
               MZ       ----          ----          ----          ----          ----       0.000000E+00                             
             TOTALS  0.000000E+00  0.000000E+00 -4.000000E+05  0.000000E+00  2.024000E+06  0.000000E+00                             
1                                                                            AUGUST   3, 2023  SIMCENTER NASTRAN  5/12/20   PAGE     7
                                                                                                                                    
0                                                                                                                                   
0                             N O N - L I N E A R   I T E R A T I O N   M O D U L E   O U T P U T

     STIFFNESS UPDATE TIME          0.25 SECONDS                                                               SUBCASE        1
            ITERATION TIME          0.06 SECONDS                                                        LOAD FACTOR   0.1000000

                        - - - CONVERGENCE  FACTORS - - -                      - - - LINE SEARCH DATA - - -
0ITERATION      EUI         EPI         EWI      LAMBDA       DLMAG       FACTOR     E-FIRST     E-FINAL   NQNV  NLS  ENIC  NDV  MDV

         1  9.9000E+01  1.5789E-01  1.5789E-01  1.0000E-01  1.6075E+00  1.0000E+00  3.4531E-02  3.4531E-02    0    0          0    1
         2  2.7305E-02  1.1337E-02  4.7269E-04  8.5901E-02  1.0878E-01  1.0000E+00  5.5948E-02  5.5948E-02    1    0          0    1
         3  5.7267E-04  1.1102E-04  2.7701E-07  4.7847E-02  3.7747E-04  1.0000E+00  2.6694E-03  2.6694E-03    2    0     0    0    1
         4  2.8366E-07  4.9918E-06  1.9187E-11  4.6404E-02  1.8077E-05  1.0000E+00 -1.7538E-02 -1.7538E-02    3    0    -1    0    1
 *** USER INFORMATION MESSAGE 6186 (NCONVG)
     *** SOLUTION HAS CONVERGED ***
         SUBID    1     LOOPID    1     LOAD STEP    0.100     LOAD FACTOR 0.10000000

1                                                                            AUGUST   3, 2023  SIMCENTER NASTRAN  5/12/20   PAGE     8
                                                                                                                                    
0                                                                                                                                   
0                             N O N - L I N E A R   I T E R A T I O N   M O D U L E   O U T P U T

     STIFFNESS UPDATE TIME          0.25 SECONDS                                                               SUBCASE        1
            ITERATION TIME          0.06 SECONDS                                                        LOAD FACTOR   0.2000000

                        - - - CONVERGENCE  FACTORS - - -                      - - - LINE SEARCH DATA - - -
0ITERATION      EUI         EPI         EWI      LAMBDA       DLMAG       FACTOR     E-FIRST     E-FINAL   NQNV  NLS  ENIC  NDV  MDV

         1  5.0747E+01  2.3364E-01  1.1944E-01  1.0000E-01  1.5305E+00  1.0000E+00  4.1573E-02  4.1573E-02    3    0          0    1
         2  1.4840E-02  1.6446E-02  4.1267E-04  8.5196E-02  1.4515E-01  1.0000E+00  5.7644E-02  5.7644E-02    4    0          0    1
         3  4.4504E-04  1.4348E-03  2.7339E-06  8.6220E-02  4.3602E-03  1.0000E+00 -9.2604E-03 -9.2604E-03    5    0     0    0    1
         4  2.6470E-06  1.2138E-04  4.0481E-09  8.5406E-02  3.4627E-04  1.0000E+00 -9.4753E-02 -9.4753E-02    6    0     0    0    1
 *** USER INFORMATION MESSAGE 6186 (NCONVG)
     *** SOLUTION HAS CONVERGED ***
         SUBID    1     LOOPID    2     LOAD STEP    0.200     LOAD FACTOR 0.20000000

1                                                                            AUGUST   3, 2023  SIMCENTER NASTRAN  5/12/20   PAGE     9
                                                                                                                                    
0                                                                                                                                   
0                             N O N - L I N E A R   I T E R A T I O N   M O D U L E   O U T P U T

     STIFFNESS UPDATE TIME          0.25 SECONDS                                                               SUBCASE        1
            ITERATION TIME          0.06 SECONDS                                                        LOAD FACTOR   0.3000000

                        - - - CONVERGENCE  FACTORS - - -                      - - - LINE SEARCH DATA - - -
0ITERATION      EUI         EPI         EWI      LAMBDA       DLMAG       FACTOR     E-FIRST     E-FINAL   NQNV  NLS  ENIC  NDV  MDV

         1  3.5247E+01  1.4644E-01  5.1787E-02  1.0000E-01  1.7139E+00  1.0000E+00  4.6884E-02  4.6884E-02    6    0          0    1
         2  1.2770E-02  1.7230E-02  3.2679E-04  1.0883E-01  1.2373E-01  1.0000E+00  5.6426E-02  5.6426E-02    7    0          0    1
         3  2.2023E-04  2.5317E-03  2.8294E-06  1.2788E-01  1.2468E-02  1.0000E+00 -2.8260E-02 -2.8260E-02    8    0     0    0    1
         4  9.0581E-06  3.4416E-04  2.4715E-08  1.3191E-01  1.8009E-03  1.0000E+00 -1.1298E-01 -1.1298E-01    9    0     0    0    1
 *** USER INFORMATION MESSAGE 6186 (NCONVG)
     *** SOLUTION HAS CONVERGED ***
         SUBID    1     LOOPID    3     LOAD STEP    0.300     LOAD FACTOR 0.30000000

1                                                                            AUGUST   3, 2023  SIMCENTER NASTRAN  5/12/20   PAGE    10
                                                                                                                                    
0                                                                                                                                   
0                             N O N - L I N E A R   I T E R A T I O N   M O D U L E   O U T P U T

     STIFFNESS UPDATE TIME          0.25 SECONDS                                                               SUBCASE        1
            ITERATION TIME          0.06 SECONDS                                                        LOAD FACTOR   0.4000000

                        - - - CONVERGENCE  FACTORS - - -                      - - - LINE SEARCH DATA - - -
0ITERATION      EUI         EPI         EWI      LAMBDA       DLMAG       FACTOR     E-FIRST     E-FINAL   NQNV  NLS  ENIC  NDV  MDV

         1  2.8892E+01  9.9238E-01  2.8867E-01  1.0000E-01  3.6751E+00  1.0000E+00  2.7309E-02  2.7309E-02    9    0          0    1
         2  1.7545E-03  1.8382E-01  5.9892E-04  1.4261E-01  8.5894E-01  1.0000E+00 -1.3096E-01 -1.3096E-01   10    0          0    1
         3  1.2554E-02  4.4283E-03  1.5659E-05  8.3352E-02  4.3594E-02  1.0000E+00  1.8747E-02  1.8747E-02   11    0     0    0    1
         4  3.0877E-05  1.1588E-04  8.8814E-09  5.4760E-02  8.0443E-04  1.0000E+00  3.8447E-03  3.8447E-03   12    0     0    0    1
 *** USER INFORMATION MESSAGE 6186 (NCONVG)
     *** SOLUTION HAS CONVERGED ***
         SUBID    1     LOOPID    4     LOAD STEP    0.400     LOAD FACTOR 0.40000000

1                                                                            AUGUST   3, 2023  SIMCENTER NASTRAN  5/12/20   PAGE    11
                                                                                                                                    
0                                                                                                                                   
0                             N O N - L I N E A R   I T E R A T I O N   M O D U L E   O U T P U T

     STIFFNESS UPDATE TIME          0.25 SECONDS                                                               SUBCASE        1
            ITERATION TIME          0.05 SECONDS                                                        LOAD FACTOR   0.5000000

                        - - - CONVERGENCE  FACTORS - - -                      - - - LINE SEARCH DATA - - -
0ITERATION      EUI         EPI         EWI      LAMBDA       DLMAG       FACTOR     E-FIRST     E-FINAL   NQNV  NLS  ENIC  NDV  MDV

         1  2.3533E+01  4.4178E-01  1.0408E-01  1.0000E-01  2.3082E+00  1.0000E+00  5.9740E-02  5.9740E-02   12    0          0    1
         2  1.0928E-02  5.5325E-02  9.1527E-04  1.1262E-01  3.5684E-01  1.0000E+00  9.7252E-02  9.7252E-02   13    0          0    1
         3  4.8548E-04  6.7594E-03  1.2011E-05  1.1740E-01  1.7005E-02  1.0000E+00  3.4395E-03  3.4395E-03   14    0     0    0    1
         4  8.8809E-07  1.2411E-03  1.0379E-08  1.5050E-01  4.4662E-03  1.0000E+00 -5.3036E-02 -5.3036E-02   15    0     0    0    1
         5  1.0110E-06  9.8576E-05  2.9454E-10  1.1496E-01  5.5531E-04  1.0000E+00  9.5286E-02  9.5286E-02   16    0    -1    0    1
 *** USER INFORMATION MESSAGE 6186 (NCONVG)
     *** SOLUTION HAS CONVERGED ***
         SUBID    1     LOOPID    5     LOAD STEP    0.500     LOAD FACTOR 0.50000000

1                                                                            AUGUST   3, 2023  SIMCENTER NASTRAN  5/12/20   PAGE    12
                                                                                                                                    
0                                                                                                                                   
0                             N O N - L I N E A R   I T E R A T I O N   M O D U L E   O U T P U T

     STIFFNESS UPDATE TIME          0.25 SECONDS                                                               SUBCASE        1
            ITERATION TIME          0.05 SECONDS                                                        LOAD FACTOR   0.6000000

                        - - - CONVERGENCE  FACTORS - - -                      - - - LINE SEARCH DATA - - -
0ITERATION      EUI         EPI         EWI      LAMBDA       DLMAG       FACTOR     E-FIRST     E-FINAL   NQNV  NLS  ENIC  NDV  MDV

         1  2.1121E+01  1.0631E+00  2.2669E-01  1.0000E-01  4.8110E+00  1.0000E+00  6.0503E-02  6.0503E-02   16    0          0    1
         2  6.6428E-03  1.2906E-01  1.4423E-03  1.1070E-01  1.0165E+00  1.0000E+00  1.5104E-02  1.5104E-02   17    0          0    1
         3  2.4673E-03  1.3020E-02  5.1703E-05  1.0579E-01  1.2004E-01  1.0000E+00 -1.1953E-01 -1.1953E-01   18    0     1    0    1
         4  1.1182E-04  2.4384E-03  1.0469E-06  1.4654E-01  1.3096E-02  1.0000E+00  1.5982E-02  1.5982E-02   19    0     0    0    1
         5  3.8383E-07  5.4598E-04  1.9861E-09  1.8522E-01  2.1477E-03  1.0000E+00  1.0475E-01  1.0475E-01   20    0     0    0    1
 *** USER INFORMATION MESSAGE 6186 (NCONVG)
     *** SOLUTION HAS CONVERGED ***
         SUBID    1     LOOPID    6     LOAD STEP    0.600     LOAD FACTOR 0.60000000

     *** NEW STIFFNESS MATRIX IS REQUIRED ***

 *** SYSTEM INFORMATION MESSAGE 6916 (DFMSYN)
     DECOMP ORDERING METHOD CHOSEN: DEFAULT, ORDERING METHOD USED: MMD
1                                                                            AUGUST   3, 2023  SIMCENTER NASTRAN  5/12/20   PAGE    13
                                                                                                                                    
0                                                                                                                                   
0                             N O N - L I N E A R   I T E R A T I O N   M O D U L E   O U T P U T

     STIFFNESS UPDATE TIME          0.36 SECONDS                                                               SUBCASE        1
            ITERATION TIME          0.05 SECONDS                                                        LOAD FACTOR   0.7000000

                        - - - CONVERGENCE  FACTORS - - -                      - - - LINE SEARCH DATA - - -
0ITERATION      EUI         EPI         EWI      LAMBDA       DLMAG       FACTOR     E-FIRST     E-FINAL   NQNV  NLS  ENIC  NDV  MDV

         1  1.9293E+01  1.8590E+00  3.6082E-01  1.0000E-01  1.5067E+01  1.0000E+00  6.2104E-02  6.2104E-02    0    0          0    1
         2  8.5210E-03  1.0253E-01  1.3700E-03  7.7578E-02  8.2493E-01  1.0000E+00  3.8614E-02  3.8614E-02    1    0          0    1
         3  9.2614E-04  1.0462E-02  2.6149E-05  8.9806E-02  5.8728E-02  1.0000E+00 -3.2378E-02 -3.2378E-02    2    0     0    0    1
         4  1.5209E-05  6.8762E-04  7.3693E-08  7.7766E-02  4.1948E-03  1.0000E+00 -7.4636E-02 -7.4636E-02    3    0     0    0    1
 *** USER INFORMATION MESSAGE 6186 (NCONVG)
     *** SOLUTION HAS CONVERGED ***
         SUBID    1     LOOPID    7     LOAD STEP    0.700     LOAD FACTOR 0.70000000

1                                                                            AUGUST   3, 2023  SIMCENTER NASTRAN  5/12/20   PAGE    14
                                                                                                                                    
0                                                                                                                                   
0                             N O N - L I N E A R   I T E R A T I O N   M O D U L E   O U T P U T

     STIFFNESS UPDATE TIME          0.36 SECONDS                                                               SUBCASE        1
            ITERATION TIME          0.03 SECONDS                                                        LOAD FACTOR   0.8000000

                        - - - CONVERGENCE  FACTORS - - -                      - - - LINE SEARCH DATA - - -
0ITERATION      EUI         EPI         EWI      LAMBDA       DLMAG       FACTOR     E-FIRST     E-FINAL   NQNV  NLS  ENIC  NDV  MDV

         1  1.8098E+01  1.6837E+00  3.0729E-01  1.0000E-01  7.1553E+00  1.0000E+00  6.4778E-02  6.4778E-02    3    0          0    1
         2  7.2897E-03  1.6533E-01  1.8162E-03  9.9097E-02  1.2754E+00  1.0000E+00  6.8232E-02  6.8232E-02    4    0          0    1
         3  3.5580E-03  1.8992E-02  9.5773E-05  1.0699E-01  2.1526E-01  1.0000E+00 -1.5467E-01 -1.5467E-01    5    0     1    0    1
         4  2.1777E-04  1.8025E-03  1.2892E-06  1.0095E-01  1.2255E-02  1.0000E+00  4.6078E-04  4.6078E-04    6    0     0    0    1
         5  2.7232E-07  3.1496E-04  7.5387E-10  1.3784E-01  1.7983E-03  1.0000E+00 -1.0155E-01 -1.0155E-01    7    0     0    0    1
 *** USER INFORMATION MESSAGE 6186 (NCONVG)
     *** SOLUTION HAS CONVERGED ***
         SUBID    1     LOOPID    8     LOAD STEP    0.800     LOAD FACTOR 0.80000000

1                                                                            AUGUST   3, 2023  SIMCENTER NASTRAN  5/12/20   PAGE    15
                                                                                                                                    
0                                                                                                                                   
0                             N O N - L I N E A R   I T E R A T I O N   M O D U L E   O U T P U T

     STIFFNESS UPDATE TIME          0.36 SECONDS                                                               SUBCASE        1
            ITERATION TIME          0.05 SECONDS                                                        LOAD FACTOR   0.9000000

                        - - - CONVERGENCE  FACTORS - - -                      - - - LINE SEARCH DATA - - -
0ITERATION      EUI         EPI         EWI      LAMBDA       DLMAG       FACTOR     E-FIRST     E-FINAL   NQNV  NLS  ENIC  NDV  MDV

         1  1.7120E+01  3.1050E+00  5.3577E-01  1.0000E-01  1.2832E+01  1.0000E+00  6.4146E-02  6.4146E-02    7    0          0    1
         2  8.0590E-03  3.1452E-01  3.7971E-03  1.0065E-01  2.0249E+00  1.0000E+00  1.0104E-01  1.0104E-01    8    0          0    1
         3  4.6406E-03  4.6826E-02  2.8176E-04  1.2476E-01  2.7552E-01  1.0000E+00 -1.1043E-01 -1.1043E-01    9    0     1    0    1
         4  1.9810E-04  5.1288E-03  3.5067E-06  1.1715E-01  3.0026E-02  1.0000E+00 -1.6541E-02 -1.6541E-02   10    0     0    0    1
         5  5.6830E-07  1.1089E-03  7.2198E-09  1.6668E-01  6.3353E-03  1.0000E+00 -7.2574E-02 -7.2574E-02   11    0     0    0    1
         6  7.0939E-07  1.5839E-04  2.8622E-10  1.5476E-01  6.6874E-04  1.0000E+00  7.8236E-02  7.8236E-02   12    0     0    0    1
 *** USER INFORMATION MESSAGE 6186 (NCONVG)
     *** SOLUTION HAS CONVERGED ***
         SUBID    1     LOOPID    9     LOAD STEP    0.900     LOAD FACTOR 0.90000000

     *** NEW STIFFNESS MATRIX IS REQUIRED ***

 *** SYSTEM INFORMATION MESSAGE 6916 (DFMSYN)
     DECOMP ORDERING METHOD CHOSEN: DEFAULT, ORDERING METHOD USED: MMD
1                                                                            AUGUST   3, 2023  SIMCENTER NASTRAN  5/12/20   PAGE    16
                                                                                                                                    
0                                                                                                                                   
0                             N O N - L I N E A R   I T E R A T I O N   M O D U L E   O U T P U T

     STIFFNESS UPDATE TIME          0.30 SECONDS                                                               SUBCASE        1
            ITERATION TIME          0.06 SECONDS                                                        LOAD FACTOR   1.0000000

                        - - - CONVERGENCE  FACTORS - - -                      - - - LINE SEARCH DATA - - -
0ITERATION      EUI         EPI         EWI      LAMBDA       DLMAG       FACTOR     E-FIRST     E-FINAL   NQNV  NLS  ENIC  NDV  MDV

         1  1.6800E+01  5.1054E+00  8.5357E-01  1.0000E-01  4.4799E+01  1.0000E+00  2.7447E-02  2.7447E-02    0    0          0    1
         2  4.1467E-03  4.2181E-01  2.7389E-03  9.1310E-02  3.7407E+00  1.0000E+00 -2.1531E-02 -2.1531E-02    1    0          0    1
         3  2.0230E-02  6.4305E-02  4.1817E-04  1.2188E-01  1.0044E+00  1.0000E+00 -1.2503E-02 -1.2503E-02    2    0     1    0    1
         4  8.1701E-05  2.1388E-03  4.5587E-07  7.7570E-02  2.1272E-02  1.0000E+00 -2.4971E-02 -2.4971E-02    3    0     0    0    1
         5  3.7624E-05  7.6413E-04  5.8982E-08  2.1742E-01  1.2427E-02  1.0000E+00  4.0340E-02  4.0340E-02    4    0     0    0    1
 *** USER INFORMATION MESSAGE 6186 (NCONVG)
     *** SOLUTION HAS CONVERGED ***
         SUBID    1     LOOPID   10     LOAD STEP    1.000     LOAD FACTOR 1.00000000

 ^^^ USER INFORMATION MESSAGE 9005 (NLSTATIC)    
 ^^^ THE SOLUTION FOR LOOPID=           10 IS SAVED FOR RESTART    
 ^^^     
 ^^^ USER INFORMATION MESSAGE 9210 (NLSTATIC)    
 ^^^ NONLINEAR STATIC ANALYSIS COMPLETED.    
 ^^^     
1                                                                            AUGUST   3, 2023  SIMCENTER NASTRAN  5/12/20   PAGE    17
                                                                                                                                    
0                                                                                                                                   
 *** USER INFORMATION MESSAGE 4114 (OUTPBN2)
     DATA BLOCK OESNLXR  WRITTEN ON FORTRAN UNIT  12, TRL =
                    101                 1                 3                 1                 0                 0                 0
     (MAXIMUM POSSIBLE FORTRAN RECORD SIZE =    65538 WORDS.)
     (MAXIMUM SIZE OF FORTRAN RECORDS WRITTEN =    65538 WORDS.)
     (NUMBER OF FORTRAN RECORDS WRITTEN =       32 RECORDS.)
     (TOTAL DATA WRITTEN FOR DATA BLOCK =   300571 WORDS.)
1                                                                            AUGUST   3, 2023  SIMCENTER NASTRAN  5/12/20   PAGE    18
                                                                                                                                    
0                                                                                                                                   
 *** USER INFORMATION MESSAGE 7310 (VECPRN)
     ORIGIN OF SUPERELEMENT BASIC COORDINATE SYSTEM WILL BE USED AS REFERENCE LOCATION.
     RESULTANTS ABOUT ORIGIN OF SUPERELEMENT BASIC COORDINATE SYSTEM IN SUPERELEMENT BASIC SYSTEM COORDINATES.
0                                                  SPCFORCE RESULTANT       
  SUBCASE/    LOAD
  DAREA ID    TYPE       T1            T2            T3            R1            R2            R3
0        1     FX    3.201183E-01     ----          ----          ----      -1.137289E-15  0.000000E+00                             
               FY       ----       0.000000E+00     ----       0.000000E+00     ----       0.000000E+00                             
               FZ       ----          ----       3.999994E+05  0.000000E+00 -7.105417E-10     ----                                  
               MX       ----          ----          ----       0.000000E+00     ----          ----                                  
               MY       ----          ----          ----          ----      -7.898323E+06     ----                                  
               MZ       ----          ----          ----          ----          ----       0.000000E+00                             
             TOTALS  3.201183E-01  0.000000E+00  3.999994E+05  0.000000E+00 -7.898323E+06  0.000000E+00                             
 *** USER INFORMATION MESSAGE 4114 (OUTPBN2)
     DATA BLOCK OQG1     WRITTEN ON FORTRAN UNIT  12, TRL =
                    101                 0             47200                 3                23                 0                 1
     (MAXIMUM POSSIBLE FORTRAN RECORD SIZE =    65538 WORDS.)
     (MAXIMUM SIZE OF FORTRAN RECORDS WRITTEN =    47200 WORDS.)
     (NUMBER OF FORTRAN RECORDS WRITTEN =       24 RECORDS.)
     (TOTAL DATA WRITTEN FOR DATA BLOCK =    47381 WORDS.)
 *** USER INFORMATION MESSAGE 4114 (OUTPBN2)
     DATA BLOCK BOUGV1   WRITTEN ON FORTRAN UNIT  12, TRL =
                    101                 0             47200                 3                23                 0                 1
     (MAXIMUM POSSIBLE FORTRAN RECORD SIZE =    65538 WORDS.)
     (MAXIMUM SIZE OF FORTRAN RECORDS WRITTEN =    47200 WORDS.)
     (NUMBER OF FORTRAN RECORDS WRITTEN =       24 RECORDS.)
     (TOTAL DATA WRITTEN FOR DATA BLOCK =    47381 WORDS.)
1                                                                            AUGUST   3, 2023  SIMCENTER NASTRAN  5/12/20   PAGE    19
                                                                                                                                    
0                                                                                                                                   
1                                                                            AUGUST   3, 2023  SIMCENTER NASTRAN  5/12/20   PAGE    20
                                                                                                                                    
0                                                                                                                                   
1                                                                            AUGUST   3, 2023  SIMCENTER NASTRAN  5/12/20   PAGE    21
                                                                                                                                    
0                                                                                                                                   
 *** USER INFORMATION MESSAGE 4114 (OUTPBN2)
     DATA BLOCK OES1X1   WRITTEN ON FORTRAN UNIT  12, TRL =
                    101                 0               102                 0                 0                 0                 0
     (MAXIMUM POSSIBLE FORTRAN RECORD SIZE =    65538 WORDS.)
     (MAXIMUM SIZE OF FORTRAN RECORDS WRITTEN =    65538 WORDS.)
     (NUMBER OF FORTRAN RECORDS WRITTEN =       42 RECORDS.)
     (TOTAL DATA WRITTEN FOR DATA BLOCK =   653971 WORDS.)
 *** USER INFORMATION MESSAGE 4110 (OUTPBN2)
                                 END-OF-DATA SIMULATION ON FORTRAN UNIT 12
                                 (MAXIMUM SIZE OF FORTRAN RECORDS WRITTEN =      1 WORDS.)
                                       (NUMBER OF FORTRAN RECORDS WRITTEN =      1 RECORDS.)
                                       (TOTAL DATA WRITTEN FOR EOF MARKER =      1 WORDS.)
1                                                                            AUGUST   3, 2023  SIMCENTER NASTRAN  5/12/20   PAGE    22
                                                                                                                                    
0                                                                                                                                   
 * * * *  D B D I C T   P R I N T  * * * *      SUBDMAP = PRTSUM  ,  DMAP STATEMENT NO.     28



0                                   * * * *  A N A L Y S I S  S U M M A R Y  T A B L E  * * * *
0 SEID  PEID PROJ VERS APRCH      SEMG SEMR SEKR SELG SELR MODES DYNRED SOLLIN PVALID SOLNL LOOPID DESIGN CYCLE SENSITIVITY
 --------------------------------------------------------------------------------------------------------------------------
     0     0    1    1 '        '    T    F    F    T    F     F      F      F      0     F      0            0           F
     0     0    1    1 '        '    F    F    F    F    F     F      F      F      0     T     10            0           F
0SEID = SUPERELEMENT ID.
 PEID = PRIMARY SUPERELEMENT ID OF IMAGE SUPERELEMENT.
 PROJ = PROJECT ID NUMBER.
 VERS = VERSION ID.
 APRCH = BLANK FOR STRUCTURAL ANALYSIS.  HEAT FOR HEAT TRANSFER ANALYSIS.
 SEMG = STIFFNESS AND MASS MATRIX GENERATION STEP.
 SEMR = MASS MATRIX REDUCTION STEP (INCLUDES EIGENVALUE SOLUTION FOR MODES).
 SEKR = STIFFNESS MATRIX REDUCTION STEP.
 SELG = LOAD MATRIX GENERATION STEP.
 SELR = LOAD MATRIX REDUCTION STEP. 
 MODES = T (TRUE) IF NORMAL MODES OR BUCKLING MODES CALCULATED.
 DYNRED = T (TRUE) MEANS GENERALIZED DYNAMIC AND/OR COMPONENT MODE REDUCTION PERFORMED.
 SOLLIN = T (TRUE) IF LINEAR SOLUTION EXISTS IN DATABASE.
 PVALID = P-DISTRIBUTION ID OF P-VALUE FOR P-ELEMENTS
 LOOPID = THE LAST LOOPID VALUE USED IN THE NONLINEAR ANALYSIS.  USEFUL FOR RESTARTS.
 SOLNL = T (TRUE) IF NONLINEAR SOLUTION EXISTS IN DATABASE.
 DESIGN CYCLE = THE LAST DESIGN CYCLE (ONLY VALID IN OPTIMIZATION).
 SENSITIVITY = SENSITIVITY MATRIX GENERATION FLAG.
1                                        * * * END OF JOB * * *
 
 
